<?xml version="1.0" encoding="UTF-8"?>
<!-- Generated by org.testng.reporters.JUnitXMLReporter -->
<testsuite ignored="0" hostname="DESKTOP-A0CUFSI" failures="0" tests="3" name="Default test" time="200.77" errors="0" timestamp="2022-10-14T13:31:00 IST">
  <testcase classname="practice.DataproviderTest" name="createContact" time="135.649"/>
  <testcase classname="practice.DataproviderTest" name="createContact" time="33.216"/>
  <testcase classname="practice.DataproviderTest" name="createContact" time="31.755"/>
</testsuite> <!-- Default test -->
