<?xml version="1.0" encoding="UTF-8"?>
<testng-results ignored="0" total="3" passed="3" failed="0" skipped="0">
  <reporter-output>
  </reporter-output>
  <suite started-at="2022-10-14T13:27:39 IST" name="Default suite" finished-at="2022-10-14T13:31:00 IST" duration-ms="200770">
    <groups>
    </groups>
    <test started-at="2022-10-14T13:27:39 IST" name="Default test" finished-at="2022-10-14T13:31:00 IST" duration-ms="200770">
      <class name="practice.DataproviderTest">
        <test-method signature="createContact(java.lang.String,java.lang.String,java.lang.String)[pri:0, instance:practice.DataproviderTest@48974e45]" started-at="2022-10-14T13:27:39 IST" name="createContact" data-provider="dataprovider_test" finished-at="2022-10-14T13:29:55 IST" duration-ms="135649" status="PASS">
          <params>
            <param index="0">
              <value>
                <![CDATA[shoba]]>
              </value>
            </param>
            <param index="1">
              <value>
                <![CDATA[shoba@gmail.com]]>
              </value>
            </param>
            <param index="2">
              <value>
                <![CDATA[1234567890]]>
              </value>
            </param>
          </params>
          <reporter-output>
          </reporter-output>
        </test-method> <!-- createContact -->
        <test-method signature="createContact(java.lang.String,java.lang.String,java.lang.String)[pri:0, instance:practice.DataproviderTest@48974e45]" started-at="2022-10-14T13:29:55 IST" name="createContact" data-provider="dataprovider_test" finished-at="2022-10-14T13:30:28 IST" duration-ms="33216" status="PASS">
          <params>
            <param index="0">
              <value>
                <![CDATA[shoba1]]>
              </value>
            </param>
            <param index="1">
              <value>
                <![CDATA[shoba1@gmail.com]]>
              </value>
            </param>
            <param index="2">
              <value>
                <![CDATA[1234567891]]>
              </value>
            </param>
          </params>
          <reporter-output>
          </reporter-output>
        </test-method> <!-- createContact -->
        <test-method signature="createContact(java.lang.String,java.lang.String,java.lang.String)[pri:0, instance:practice.DataproviderTest@48974e45]" started-at="2022-10-14T13:30:28 IST" name="createContact" data-provider="dataprovider_test" finished-at="2022-10-14T13:31:00 IST" duration-ms="31755" status="PASS">
          <params>
            <param index="0">
              <value>
                <![CDATA[shoba2]]>
              </value>
            </param>
            <param index="1">
              <value>
                <![CDATA[shoba2@gmail.com]]>
              </value>
            </param>
            <param index="2">
              <value>
                <![CDATA[1234567892]]>
              </value>
            </param>
          </params>
          <reporter-output>
          </reporter-output>
        </test-method> <!-- createContact -->
      </class> <!-- practice.DataproviderTest -->
    </test> <!-- Default test -->
  </suite> <!-- Default suite -->
</testng-results>
